dir: Yoda
i: 30
j: 29
j: Mace Windu
dir: R5-D4
i: 6
j: 5
j: Gregar Typho
dir: Eeth Koth
i: 4
j: 2
j: Lando Calrissian
dir: Finn
i: 1
j: 0
j: Obi-Wan Kenobi
dir: Finn
i: 2
j: 1
j: Eeth Koth
dir: Quarsh Panaka
i: 5
j: 4
j: Lando Calrissian
dir: R5-D4
i: 9
j: 8
j: Barriss Offee
dir: Watto
i: 8
j: 6
j: Boba Fett
dir: R5-D4
i: 25
j: 23
j: Sly Moore
dir: Palpatine
i: 16
j: 14
j: Tarfful
dir: Tarfful
i: 12
j: 11
j: Poe Dameron
dir: Rey
i: 11
j: 9
j: Leia Organa
dir: Padmé Amidala
i: 14
j: 12
j: Arvel Crynyd
dir: Palpatine
i: 23
j: 22
j: Yarael Poof
dir: R5-D4
i: 20
j: 19
j: Palpatine
dir: Qui-Gon Jinn
i: 18
j: 17
j: Dormé
dir: Cordé
i: 17
j: 16
j: Qui-Gon Jinn
dir: Beru Whitesun lars
i: 19
j: 18
j: Dormé
dir: R5-D4
i: 22
j: 21
j: C-3PO
dir: R5-D4
i: 21
j: 19
j: Palpatine
dir: Tion Medon
i: 28
j: 26
j: Wat Tambor
dir: Taun We
i: 26
j: 25
j: Tion Medon
dir: Shaak Ti
i: 29
j: 28
j: Sly Moore
dir: Yoda
i: 35
j: 34
j: Dud Bolt
dir: Dud Bolt
i: 33
j: 31
j: Darth Maul
dir: Darth Vader
i: 31
j: 30
j: Dud Bolt
dir: Adi Gallia
i: 34
j: 33
j: Bossk
dir: Yoda
i: 38
j: 36
j: Mace Windu
dir: Plo Koon
i: 36
j: 35
j: Poggle the Lesser
dir: Yoda
i: 39
j: 38
j: IG-88
dir: Yoda
i: 40
j: 38
j: Lobot
 ## Obi-Wan Kenobi ## 182 ## 77 ## auburn, white ## fair ## blue-gray ## 57BBY ## male ## Stewjon ## 
 ## Barriss Offee ## 166 ## 50 ## black ## yellow ## blue ## 40BBY ## female ## Mirial ## 
 ## Boba Fett ## 183 ## 78.2 ## black ## fair ## brown ## 31.5BBY ## male ## Kamino ## 
 ## Eeth Koth ## 171 ## 0 ## black ## brown ## brown ## unknown ## male ## Iridonia ## 
 ## Finn ## 0 ## 0 ## black ## dark ## dark ## unknown ## male ## unknown ## 
 ## Gregar Typho ## 185 ## 85 ## black ## dark ## brown ## unknown ## male ## Naboo ## 
 ## Lando Calrissian ## 177 ## 79 ## black ## dark ## brown ## 31BBY ## male ## Socorro ## 
 ## Quarsh Panaka ## 183 ## 0 ## black ## dark ## brown ## 62BBY ## male ## Naboo ## 
 ## Watto ## 137 ## 0 ## black ## blue, grey ## yellow ## unknown ## male ## Toydaria ## 
 ## Arvel Crynyd ## 0 ## 0 ## brown ## fair ## brown ## unknown ## male ## unknown ## 
 ## Beru Whitesun lars ## 165 ## 75 ## brown ## light ## blue ## 47BBY ## female ## Tatooine ## 
 ## Cordé ## 157 ## 0 ## brown ## light ## brown ## unknown ## female ## Naboo ## 
 ## Dormé ## 165 ## 0 ## brown ## light ## brown ## unknown ## female ## Naboo ## 
 ## Han Solo ## 180 ## 80 ## brown ## fair ## brown ## 29BBY ## male ## Corellia ## 
 ## Leia Organa ## 150 ## 49 ## brown ## light ## brown ## 19BBY ## female ## Alderaan ## 
 ## Padmé Amidala ## 165 ## 45 ## brown ## light ## brown ## 46BBY ## female ## Naboo ## 
 ## Poe Dameron ## 0 ## 0 ## brown ## light ## brown ## unknown ## male ## unknown ## 
 ## Qui-Gon Jinn ## 193 ## 89 ## brown ## fair ## blue ## 92BBY ## male ## unknown ## 
 ## Rey ## 0 ## 0 ## brown ## light ## hazel ## unknown ## female ## unknown ## 
 ## Tarfful ## 234 ## 136 ## brown ## brown ## blue ## unknown ## male ## Kashyyyk ## 
 ## Palpatine ## 170 ## 75 ## grey ## pale ## yellow ## 82BBY ## male ## Naboo ## 
 ## C-3PO ## 167 ## 75 ## n/a ## gold ## yellow ## 112BBY ## n/a ## Tatooine ## 
 ## R5-D4 ## 97 ## 32 ## n/a ## white, red ## red ## unknown ## n/a ## Tatooine ## 
 ## Adi Gallia ## 184 ## 50 ## none ## dark ## blue ## unknown ## female ## Coruscant ## 
 ## Bossk ## 190 ## 113 ## none ## green ## red ## 53BBY ## male ## Trandosha ## 
 ## Darth Maul ## 175 ## 80 ## none ## red ## yellow ## 54BBY ## male ## Dathomir ## 
 ## Darth Vader ## 202 ## 136 ## none ## white ## yellow ## 41.9BBY ## male ## Tatooine ## 
 ## Dud Bolt ## 94 ## 45 ## none ## blue, grey ## yellow ## unknown ## male ## Vulpter ## 
 ## IG-88 ## 200 ## 140 ## none ## metal ## red ## 15BBY ## none ## unknown ## 
 ## Lobot ## 175 ## 79 ## none ## light ## blue ## 37BBY ## male ## Bespin ## 
 ## Mace Windu ## 188 ## 84 ## none ## dark ## brown ## 72BBY ## male ## Haruun Kal ## 
 ## Plo Koon ## 188 ## 80 ## none ## orange ## black ## 22BBY ## male ## Dorin ## 
 ## Poggle the Lesser ## 183 ## 80 ## none ## green ## yellow ## unknown ## male ## Geonosis ## 
 ## Sebulba ## 112 ## 40 ## none ## grey, red ## orange ## unknown ## male ## Malastare ## 
 ## Shaak Ti ## 178 ## 57 ## none ## red, blue, white ## black ## unknown ## female ## Shili ## 
 ## Sly Moore ## 178 ## 48 ## none ## pale ## white ## unknown ## female ## Umbara ## 
 ## Taun We ## 213 ## 0 ## none ## grey ## black ## unknown ## female ## Kamino ## 
 ## Tion Medon ## 206 ## 80 ## none ## grey ## black ## unknown ## male ## Utapau ## 
 ## Wat Tambor ## 193 ## 48 ## none ## green, grey ## unknown ## unknown ## male ## Skako ## 
 ## Yarael Poof ## 264 ## 0 ## none ## white ## yellow ## unknown ## male ## Quermia ## 
 ## Yoda ## 66 ## 17 ## white ## green ## brown ## 896BBY ## male ## unknown ## 
